# JRE version: OpenJDK Runtime Environment 18.9 (11.0.11+9) (build 11.0.11+9)
# Java VM: OpenJDK 64-Bit Server VM 18.9 (11.0.11+9, mixed mode, tiered, compressed oops, g1 gc, windows-amd64)
Heap:
 garbage-first heap   total 262144K, used 155580K [0x0000000740000000, 0x0000000800000000)
  region size 1024K, 5 young (5120K), 0 survivors (0K)
 Metaspace       used 98648K, capacity 100307K, committed 102736K, reserved 1138688K
  class space    used 12158K, capacity 12845K, committed 13824K, reserved 1048576K
GC Heap History (20 events):
Event: 39887.800 GC heap before
{Heap before GC invocations=562 (full 157):
 garbage-first heap   total 262144K, used 204025K [0x0000000740000000, 0x0000000800000000)
  region size 1024K, 61 young (62464K), 8 survivors (8192K)
 Metaspace       used 98471K, capacity 100139K, committed 102736K, reserved 1138688K
  class space    used 12156K, capacity 12844K, committed 13824K, reserved 1048576K
}
Event: 39887.809 GC heap after
{Heap after GC invocations=563 (full 157):
 garbage-first heap   total 262144K, used 156512K [0x0000000740000000, 0x0000000800000000)
  region size 1024K, 7 young (7168K), 7 survivors (7168K)
 Metaspace       used 98471K, capacity 100139K, committed 102736K, reserved 1138688K
  class space    used 12156K, capacity 12844K, committed 13824K, reserved 1048576K
}
Event: 39890.286 GC heap before
{Heap before GC invocations=563 (full 157):
 garbage-first heap   total 262144K, used 210784K [0x0000000740000000, 0x0000000800000000)
  region size 1024K, 60 young (61440K), 7 survivors (7168K)
 Metaspace       used 98496K, capacity 100144K, committed 102736K, reserved 1138688K
  class space    used 12156K, capacity 12844K, committed 13824K, reserved 1048576K
}
Event: 39890.291 GC heap after
{Heap after GC invocations=564 (full 157):
 garbage-first heap   total 262144K, used 157334K [0x0000000740000000, 0x0000000800000000)
  region size 1024K, 3 young (3072K), 3 survivors (3072K)
 Metaspace       used 98496K, capacity 100144K, committed 102736K, reserved 1138688K
  class space    used 12156K, capacity 12844K, committed 13824K, reserved 1048576K
}
Event: 39890.442 GC heap before
{Heap before GC invocations=565 (full 157):
 garbage-first heap   total 262144K, used 196246K [0x0000000740000000, 0x0000000800000000)
  region size 1024K, 42 young (43008K), 3 survivors (3072K)
 Metaspace       used 98516K, capacity 100168K, committed 102736K, reserved 1138688K
  class space    used 12156K, capacity 12844K, committed 13824K, reserved 1048576K
}
Event: 39890.447 GC heap after
{Heap after GC invocations=566 (full 157):
 garbage-first heap   total 262144K, used 157372K [0x0000000740000000, 0x0000000800000000)
  region size 1024K, 3 young (3072K), 3 survivors (3072K)
 Metaspace       used 98516K, capacity 100168K, committed 102736K, reserved 1138688K
  class space    used 12156K, capacity 12844K, committed 13824K, reserved 1048576K
}
Event: 39893.638 GC heap before
{Heap before GC invocations=567 (full 157):
 garbage-first heap   total 262144K, used 215740K [0x0000000740000000, 0x0000000800000000)
  region size 1024K, 60 young (61440K), 3 survivors (3072K)
 Metaspace       used 98531K, capacity 100176K, committed 102736K, reserved 1138688K
  class space    used 12156K, capacity 12844K, committed 13824K, reserved 1048576K
}
Event: 39893.642 GC heap after
{Heap after GC invocations=568 (full 157):
 garbage-first heap   total 262144K, used 158980K [0x0000000740000000, 0x0000000800000000)
  region size 1024K, 4 young (4096K), 4 survivors (4096K)
 Metaspace       used 98531K, capacity 100176K, committed 102736K, reserved 1138688K
  class space    used 12156K, capacity 12844K, committed 13824K, reserved 1048576K
}
Event: 39895.521 GC heap before
{Heap before GC invocations=568 (full 157):
 garbage-first heap   total 262144K, used 215300K [0x0000000740000000, 0x0000000800000000)
  region size 1024K, 60 young (61440K), 4 survivors (4096K)
 Metaspace       used 98571K, capacity 100240K, committed 102736K, reserved 1138688K
  class space    used 12156K, capacity 12844K, committed 13824K, reserved 1048576K
}
Event: 39895.525 GC heap after
{Heap after GC invocations=569 (full 157):
 garbage-first heap   total 262144K, used 160110K [0x0000000740000000, 0x0000000800000000)
  region size 1024K, 5 young (5120K), 5 survivors (5120K)
 Metaspace       used 98571K, capacity 100240K, committed 102736K, reserved 1138688K
  class space    used 12156K, capacity 12844K, committed 13824K, reserved 1048576K
}
Event: 39895.861 GC heap before
{Heap before GC invocations=570 (full 157):
 garbage-first heap   total 262144K, used 216430K [0x0000000740000000, 0x0000000800000000)
  region size 1024K, 60 young (61440K), 5 survivors (5120K)
 Metaspace       used 98590K, capacity 100240K, committed 102736K, reserved 1138688K
  class space    used 12156K, capacity 12844K, committed 13824K, reserved 1048576K
}
Event: 39895.865 GC heap after
{Heap after GC invocations=571 (full 157):
 garbage-first heap   total 262144K, used 160310K [0x0000000740000000, 0x0000000800000000)
  region size 1024K, 4 young (4096K), 4 survivors (4096K)
 Metaspace       used 98590K, capacity 100240K, committed 102736K, reserved 1138688K
  class space    used 12156K, capacity 12844K, committed 13824K, reserved 1048576K
}
Event: 39898.772 GC heap before
{Heap before GC invocations=571 (full 157):
 garbage-first heap   total 262144K, used 216630K [0x0000000740000000, 0x0000000800000000)
  region size 1024K, 60 young (61440K), 4 survivors (4096K)
 Metaspace       used 98597K, capacity 100240K, committed 102736K, reserved 1138688K
  class space    used 12157K, capacity 12844K, committed 13824K, reserved 1048576K
}
Event: 39898.776 GC heap after
{Heap after GC invocations=572 (full 157):
 garbage-first heap   total 262144K, used 160830K [0x0000000740000000, 0x0000000800000000)
  region size 1024K, 4 young (4096K), 4 survivors (4096K)
 Metaspace       used 98597K, capacity 100240K, committed 102736K, reserved 1138688K
  class space    used 12157K, capacity 12844K, committed 13824K, reserved 1048576K
}
Event: 39901.587 GC heap before
{Heap before GC invocations=573 (full 157):
 garbage-first heap   total 262144K, used 218174K [0x0000000740000000, 0x0000000800000000)
  region size 1024K, 60 young (61440K), 4 survivors (4096K)
 Metaspace       used 98635K, capacity 100304K, committed 102736K, reserved 1138688K
  class space    used 12158K, capacity 12844K, committed 13824K, reserved 1048576K
}
Event: 39901.591 GC heap after
{Heap after GC invocations=574 (full 157):
 garbage-first heap   total 262144K, used 160458K [0x0000000740000000, 0x0000000800000000)
  region size 1024K, 4 young (4096K), 4 survivors (4096K)
 Metaspace       used 98635K, capacity 100304K, committed 102736K, reserved 1138688K
  class space    used 12158K, capacity 12844K, committed 13824K, reserved 1048576K
}
Event: 39904.405 GC heap before
{Heap before GC invocations=574 (full 157):
 garbage-first heap   total 262144K, used 199370K [0x0000000740000000, 0x0000000800000000)
  region size 1024K, 43 young (44032K), 4 survivors (4096K)
 Metaspace       used 98648K, capacity 100307K, committed 102736K, reserved 1138688K
  class space    used 12158K, capacity 12845K, committed 13824K, reserved 1048576K
}
Event: 39904.408 GC heap after
{Heap after GC invocations=575 (full 157):
 garbage-first heap   total 262144K, used 160442K [0x0000000740000000, 0x0000000800000000)
  region size 1024K, 4 young (4096K), 4 survivors (4096K)
 Metaspace       used 98648K, capacity 100307K, committed 102736K, reserved 1138688K
  class space    used 12158K, capacity 12845K, committed 13824K, reserved 1048576K
}
Event: 39904.430 GC heap before
{Heap before GC invocations=575 (full 157):
 garbage-first heap   total 262144K, used 175802K [0x0000000740000000, 0x0000000800000000)
  region size 1024K, 6 young (6144K), 4 survivors (4096K)
 Metaspace       used 98648K, capacity 100307K, committed 102736K, reserved 1138688K
  class space    used 12158K, capacity 12845K, committed 13824K, reserved 1048576K
}
Event: 39904.511 GC heap after
{Heap after GC invocations=576 (full 158):
 garbage-first heap   total 262144K, used 151484K [0x0000000740000000, 0x0000000800000000)
  region size 1024K, 0 young (0K), 0 survivors (0K)
 Metaspace       used 98648K, capacity 100307K, committed 102736K, reserved 1138688K
  class space    used 12158K, capacity 12845K, committed 13824K, reserved 1048576K
}

